SELECT c0_.ID AS ID_0, c0_.NOMBRE AS NOMBRE_1, c0_.ESTADO AS ESTADO_2 FROM CONSULTORIOS c0_ WHERE c0_.ESTADO = '1' ORDER BY c0_.NOMBRE ASC
SELECT c0_.ID AS ID_0, c0_.NOMBRE AS NOMBRE_1, c0_.ESTADO AS ESTADO_2 FROM CONSULTORIOS c0_ WHERE c0_.ESTADO = '1' ORDER BY c0_.NOMBRE ASC
SELECT c0_.ID AS ID_0, c0_.NOMBRE AS NOMBRE_1, c0_.ESTADO AS ESTADO_2 FROM CONSULTORIOS c0_ WHERE c0_.ESTADO = '1' ORDER BY c0_.NOMBRE ASC
SELECT c0_.ID AS ID_0, c0_.NOMBRE AS NOMBRE_1, c0_.ESTADO AS ESTADO_2 FROM CONSULTORIOS c0_ WHERE c0_.ESTADO = '1' ORDER BY c0_.NOMBRE ASC
SELECT c0_.ID AS ID_0, c0_.NOMBRE AS NOMBRE_1, c0_.ESTADO AS ESTADO_2 FROM CONSULTORIOS c0_ WHERE c0_.ESTADO = '1' ORDER BY c0_.NOMBRE ASC
SELECT c0_.ID AS ID_0, c0_.NOMBRE AS NOMBRE_1, c0_.ESTADO AS ESTADO_2 FROM CONSULTORIOS c0_ WHERE c0_.ESTADO = '1' ORDER BY c0_.NOMBRE ASC
SELECT c0_.ID AS ID_0, c0_.NOMBRE AS NOMBRE_1, c0_.ESTADO AS ESTADO_2 FROM CONSULTORIOS c0_ WHERE c0_.ESTADO = '1' ORDER BY c0_.NOMBRE ASC
SELECT c0_.ID AS ID_0, c0_.NOMBRE AS NOMBRE_1, c0_.ESTADO AS ESTADO_2 FROM CONSULTORIOS c0_ WHERE c0_.ESTADO = '1' ORDER BY c0_.NOMBRE ASC
SELECT c0_.ID AS ID_0, c0_.NOMBRE AS NOMBRE_1, c0_.ESTADO AS ESTADO_2 FROM CONSULTORIOS c0_ WHERE c0_.ESTADO = '1' ORDER BY c0_.NOMBRE ASC
SELECT c0_.ID AS ID_0, c0_.NOMBRE AS NOMBRE_1, c0_.ESTADO AS ESTADO_2 FROM CONSULTORIOS c0_ WHERE c0_.ESTADO = '1' ORDER BY c0_.NOMBRE ASC
SELECT c0_.ID AS ID_0, c0_.NOMBRE AS NOMBRE_1, c0_.ESTADO AS ESTADO_2 FROM CONSULTORIOS c0_ WHERE c0_.ESTADO = '1' ORDER BY c0_.NOMBRE ASC
SELECT c0_.ID AS ID_0, c0_.NOMBRE AS NOMBRE_1, c0_.ESTADO AS ESTADO_2 FROM CONSULTORIOS c0_ WHERE c0_.ESTADO = '1' ORDER BY c0_.NOMBRE ASC
SELECT c0_.ID AS ID_0, c0_.NOMBRE AS NOMBRE_1, c0_.ESTADO AS ESTADO_2 FROM CONSULTORIOS c0_ WHERE c0_.ESTADO = '1' ORDER BY c0_.NOMBRE ASC
SELECT c0_.ID AS ID_0, c0_.NOMBRE AS NOMBRE_1, c0_.ESTADO AS ESTADO_2 FROM CONSULTORIOS c0_ WHERE c0_.ESTADO = '1' ORDER BY c0_.NOMBRE ASC
INSERT INTO CONSULTORIOS (ID, NOMBRE, ESTADO) VALUES('NULL', '601', '1')
SELECT c0_.ID AS ID_0, c0_.NOMBRE AS NOMBRE_1, c0_.ESTADO AS ESTADO_2 FROM CONSULTORIOS c0_ WHERE c0_.ESTADO = '1' ORDER BY c0_.NOMBRE ASC
SELECT c0_.ID AS ID_0, c0_.NOMBRE AS NOMBRE_1, c0_.ESTADO AS ESTADO_2 FROM CONSULTORIOS c0_ WHERE c0_.ESTADO = '1' ORDER BY c0_.ID ASC
SELECT c0_.ID AS ID_0, c0_.NOMBRE AS NOMBRE_1, c0_.ESTADO AS ESTADO_2 FROM CONSULTORIOS c0_ WHERE c0_.ID = 1
SELECT c0_.ID AS ID_0, c0_.NOMBRE AS NOMBRE_1, c0_.ESTADO AS ESTADO_2 FROM CONSULTORIOS c0_ WHERE c0_.ESTADO = '1' ORDER BY c0_.ID ASC
SELECT c0_.ID AS ID_0, c0_.NOMBRE AS NOMBRE_1, c0_.ESTADO AS ESTADO_2 FROM CONSULTORIOS c0_ WHERE c0_.ID = 2
SELECT c0_.ID AS ID_0, c0_.NOMBRE AS NOMBRE_1, c0_.ESTADO AS ESTADO_2 FROM CONSULTORIOS c0_ WHERE c0_.ESTADO = '1' ORDER BY c0_.ID ASC
SELECT c0_.ID AS ID_0, c0_.NOMBRE AS NOMBRE_1, c0_.ESTADO AS ESTADO_2 FROM CONSULTORIOS c0_ WHERE c0_.ID = 5
SELECT c0_.ID AS ID_0, c0_.NOMBRE AS NOMBRE_1, c0_.ESTADO AS ESTADO_2 FROM CONSULTORIOS c0_ WHERE c0_.ESTADO = '1' ORDER BY c0_.ID ASC
SELECT c0_.ID AS ID_0, c0_.NOMBRE AS NOMBRE_1, c0_.ESTADO AS ESTADO_2 FROM CONSULTORIOS c0_ WHERE c0_.ESTADO = '1' ORDER BY c0_.ID ASC
UPDATE CONSULTORIOS c SET c.NOMBRE = 'CONSULTORIO 501' WHERE c.ID = '5'
SELECT c0_.ID AS ID_0, c0_.NOMBRE AS NOMBRE_1, c0_.ESTADO AS ESTADO_2 FROM CONSULTORIOS c0_ WHERE c0_.ESTADO = '1' ORDER BY c0_.ID ASC
UPDATE CONSULTORIOS SET NOMBRE = 'CONSULTORIO 501' WHERE ID = '5'
UPDATE CONSULTORIOS SET NOMBRE = 'CONSULTORIO 501' WHERE ID = '5'
SELECT c0_.ID AS ID_0, c0_.NOMBRE AS NOMBRE_1, c0_.ESTADO AS ESTADO_2 FROM CONSULTORIOS c0_ WHERE c0_.ESTADO = '1' ORDER BY c0_.ID ASC
SELECT c0_.ID AS ID_0, c0_.NOMBRE AS NOMBRE_1, c0_.ESTADO AS ESTADO_2 FROM CONSULTORIOS c0_ WHERE c0_.ID = 5
DELETE FROM CONSULTORIOS c WHERE c.ID = '5'
SELECT c0_.ID AS ID_0, c0_.NOMBRE AS NOMBRE_1, c0_.ESTADO AS ESTADO_2 FROM CONSULTORIOS c0_ WHERE c0_.ESTADO = '1' ORDER BY c0_.ID ASC
DELETE FROM CONSULTORIOS WHERE ID = '4'
SELECT c0_.ID AS ID_0, c0_.NOMBRE AS NOMBRE_1, c0_.ESTADO AS ESTADO_2 FROM CONSULTORIOS c0_ WHERE c0_.ESTADO = '1' ORDER BY c0_.ID ASC
SELECT c0_.ID AS ID_0, c0_.NOMBRE AS NOMBRE_1, c0_.ESTADO AS ESTADO_2 FROM CONSULTORIOS c0_ WHERE c0_.ESTADO = '1' ORDER BY c0_.ID ASC
SELECT c0_.ID AS ID_0, c0_.NOMBRE AS NOMBRE_1, c0_.ESTADO AS ESTADO_2 FROM CONSULTORIOS c0_ WHERE c0_.ESTADO = '1' ORDER BY c0_.ID ASC
SELECT c0_.ID AS ID_0, c0_.NOMBRE AS NOMBRE_1, c0_.ESTADO AS ESTADO_2 FROM CONSULTORIOS c0_ WHERE c0_.ESTADO = '1' ORDER BY c0_.ID ASC
SELECT c0_.ID AS ID_0, c0_.NOMBRE AS NOMBRE_1, c0_.ESTADO AS ESTADO_2 FROM CONSULTORIOS c0_ WHERE c0_.ESTADO = '1' ORDER BY c0_.ID ASC
SELECT c0_.ID AS ID_0, c0_.NOMBRE AS NOMBRE_1, c0_.ESTADO AS ESTADO_2 FROM CONSULTORIOS c0_ WHERE c0_.ESTADO = '1' ORDER BY c0_.ID ASC
SELECT c0_.ID AS ID_0, c0_.NOMBRE AS NOMBRE_1, c0_.ESTADO AS ESTADO_2 FROM CONSULTORIOS c0_ WHERE c0_.ESTADO = '1' ORDER BY c0_.ID ASC
SELECT c0_.ID AS ID_0, c0_.NOMBRE AS NOMBRE_1, c0_.ESTADO AS ESTADO_2 FROM CONSULTORIOS c0_ WHERE c0_.ESTADO = '1' ORDER BY c0_.ID ASC
SELECT c0_.ID AS ID_0, c0_.NOMBRE AS NOMBRE_1, c0_.ESTADO AS ESTADO_2 FROM CONSULTORIOS c0_ WHERE c0_.ID = 1
SELECT c0_.ID AS ID_0, c0_.NOMBRE AS NOMBRE_1, c0_.ESTADO AS ESTADO_2 FROM CONSULTORIOS c0_ WHERE c0_.ESTADO = '1' ORDER BY c0_.ID ASC
SELECT c0_.ID AS ID_0, c0_.NOMBRE AS NOMBRE_1, c0_.ESTADO AS ESTADO_2 FROM CONSULTORIOS c0_ WHERE c0_.ESTADO = '1' ORDER BY c0_.ID ASC
SELECT c0_.ID AS ID_0, c0_.NOMBRE AS NOMBRE_1, c0_.ESTADO AS ESTADO_2 FROM CONSULTORIOS c0_ WHERE c0_.ESTADO = '1' ORDER BY c0_.ID ASC
SELECT c0_.ID AS ID_0, c0_.NOMBRE AS NOMBRE_1, c0_.ESTADO AS ESTADO_2 FROM CONSULTORIOS c0_ WHERE c0_.ESTADO = '1' ORDER BY c0_.ID ASC
SELECT c0_.ID AS ID_0, c0_.NOMBRE AS NOMBRE_1, c0_.ESTADO AS ESTADO_2 FROM CONSULTORIOS c0_ WHERE c0_.ESTADO = '1' ORDER BY c0_.ID ASC
SELECT c0_.ID AS ID_0, c0_.NOMBRE AS NOMBRE_1, c0_.ESTADO AS ESTADO_2 FROM CONSULTORIOS c0_ WHERE c0_.ESTADO = '1' ORDER BY c0_.ID ASC
SELECT c0_.ID AS ID_0, c0_.NOMBRE AS NOMBRE_1, c0_.ESTADO AS ESTADO_2 FROM CONSULTORIOS c0_ WHERE c0_.ESTADO = '1' ORDER BY c0_.ID ASC
SELECT c0_.ID AS ID_0, c0_.NOMBRE AS NOMBRE_1, c0_.ESTADO AS ESTADO_2 FROM CONSULTORIOS c0_ WHERE c0_.ESTADO = '1' ORDER BY c0_.ID ASC
SELECT c0_.ID AS ID_0, c0_.NOMBRE AS NOMBRE_1, c0_.ESTADO AS ESTADO_2 FROM CONSULTORIOS c0_ WHERE c0_.ESTADO = '1' ORDER BY c0_.ID ASC
SELECT c0_.ID AS ID_0, c0_.NOMBRE AS NOMBRE_1, c0_.ESTADO AS ESTADO_2 FROM CONSULTORIOS c0_ WHERE c0_.ESTADO = '1' ORDER BY c0_.ID ASC
SELECT c0_.ID AS ID_0, c0_.NOMBRE AS NOMBRE_1, c0_.ESTADO AS ESTADO_2 FROM CONSULTORIOS c0_ WHERE c0_.ESTADO = '1' ORDER BY c0_.ID ASC
SELECT c0_.ID AS ID_0, c0_.NOMBRE AS NOMBRE_1, c0_.ESTADO AS ESTADO_2 FROM CONSULTORIOS c0_ WHERE c0_.ESTADO = '1' ORDER BY c0_.ID ASC
SELECT c0_.ID AS ID_0, c0_.NOMBRE AS NOMBRE_1, c0_.ESTADO AS ESTADO_2 FROM CONSULTORIOS c0_ WHERE c0_.ESTADO = '1' ORDER BY c0_.ID ASC
SELECT c0_.ID AS ID_0, c0_.NOMBRE AS NOMBRE_1, c0_.ESTADO AS ESTADO_2 FROM CONSULTORIOS c0_ WHERE c0_.ID = 1
SELECT c0_.ID AS ID_0, c0_.NOMBRE AS NOMBRE_1, c0_.ESTADO AS ESTADO_2 FROM CONSULTORIOS c0_ WHERE c0_.ID = 1
SELECT c0_.ID AS ID_0, c0_.NOMBRE AS NOMBRE_1, c0_.ESTADO AS ESTADO_2 FROM CONSULTORIOS c0_ WHERE c0_.ESTADO = '1' ORDER BY c0_.ID ASC
SELECT e0_.ID AS ID_0, e0_.NOMBRE AS NOMBRE_1, e0_.ESTADO AS ESTADO_2 FROM ESPECIALIDADES e0_ WHERE e0_.ESTADO = '1' ORDER BY e0_.NOMBRE ASC
SELECT e0_.ID AS ID_0, e0_.NOMBRE AS NOMBRE_1, e0_.ESTADO AS ESTADO_2 FROM ESPECIALIDADES e0_ WHERE e0_.ESTADO = '1' ORDER BY e0_.NOMBRE ASC
SELECT e0_.ID AS ID_0, e0_.NOMBRE AS NOMBRE_1, e0_.ESTADO AS ESTADO_2 FROM ESPECIALIDADES e0_ WHERE e0_.ESTADO = '1' ORDER BY e0_.NOMBRE ASC
SELECT c0_.ID AS ID_0, c0_.NOMBRE AS NOMBRE_1, c0_.ESTADO AS ESTADO_2 FROM CONSULTORIOS c0_ WHERE c0_.ESTADO = '1' ORDER BY c0_.ID ASC
SELECT c0_.ID AS ID_0, c0_.NOMBRE AS NOMBRE_1, c0_.ESTADO AS ESTADO_2 FROM CONSULTORIOS c0_ WHERE c0_.ID = 1
SELECT c0_.ID AS ID_0, c0_.NOMBRE AS NOMBRE_1, c0_.ESTADO AS ESTADO_2 FROM CONSULTORIOS c0_ WHERE c0_.ID = 1
UPDATE CONSULTORIOS SET NOMBRE = 'Consultorio 101B' WHERE ID = '1'
SELECT c0_.ID AS ID_0, c0_.NOMBRE AS NOMBRE_1, c0_.ESTADO AS ESTADO_2 FROM CONSULTORIOS c0_ WHERE c0_.ESTADO = '1' ORDER BY c0_.ID ASC
SELECT c0_.ID AS ID_0, c0_.NOMBRE AS NOMBRE_1, c0_.ESTADO AS ESTADO_2 FROM CONSULTORIOS c0_ WHERE c0_.ID = 1
UPDATE CONSULTORIOS SET NOMBRE = 'Consultorio 101' WHERE ID = '1'
DELETE FROM CONSULTORIOS WHERE ID = '1'
SELECT c0_.ID AS ID_0, c0_.NOMBRE AS NOMBRE_1, c0_.ESTADO AS ESTADO_2 FROM CONSULTORIOS c0_ WHERE c0_.ESTADO = '1' ORDER BY c0_.ID ASC
UPDATE CONSULTORIOS SET NOMBRE = 'Consultorio 101B' WHERE ID = '1'
DELETE FROM CONSULTORIOS WHERE ID = '1'
UPDATE CONSULTORIOS SET NOMBRE = 'Consultorio 101B' WHERE ID = '1'
DELETE FROM CONSULTORIOS WHERE ID = '1'
SELECT c0_.ID AS ID_0, c0_.NOMBRE AS NOMBRE_1, c0_.ESTADO AS ESTADO_2 FROM CONSULTORIOS c0_ WHERE c0_.ESTADO = '1' ORDER BY c0_.ID ASC
SELECT c0_.ID AS ID_0, c0_.NOMBRE AS NOMBRE_1, c0_.ESTADO AS ESTADO_2 FROM CONSULTORIOS c0_ WHERE c0_.ID = 1
SELECT c0_.ID AS ID_0, c0_.NOMBRE AS NOMBRE_1, c0_.ESTADO AS ESTADO_2 FROM CONSULTORIOS c0_ WHERE c0_.ESTADO = '1' ORDER BY c0_.ID ASC
SELECT c0_.ID AS ID_0, c0_.NOMBRE AS NOMBRE_1, c0_.ESTADO AS ESTADO_2 FROM CONSULTORIOS c0_ WHERE c0_.ID = 2
UPDATE CONSULTORIOS SET NOMBRE = 'Consultorio 201b' WHERE ID = '2'
UPDATE CONSULTORIOS SET NOMBRE = 'Consultorio 201b' WHERE ID = '2'
SELECT c0_.ID AS ID_0, c0_.NOMBRE AS NOMBRE_1, c0_.ESTADO AS ESTADO_2 FROM CONSULTORIOS c0_ WHERE c0_.ESTADO = '1' ORDER BY c0_.ID ASC
SELECT c0_.ID AS ID_0, c0_.NOMBRE AS NOMBRE_1, c0_.ESTADO AS ESTADO_2 FROM CONSULTORIOS c0_ WHERE c0_.ID = 3
SELECT c0_.ID AS ID_0, c0_.NOMBRE AS NOMBRE_1, c0_.ESTADO AS ESTADO_2 FROM CONSULTORIOS c0_ WHERE c0_.ID = 3
SELECT c0_.ID AS ID_0, c0_.NOMBRE AS NOMBRE_1, c0_.ESTADO AS ESTADO_2 FROM CONSULTORIOS c0_ WHERE c0_.ID = 3
SELECT c0_.ID AS ID_0, c0_.NOMBRE AS NOMBRE_1, c0_.ESTADO AS ESTADO_2 FROM CONSULTORIOS c0_ WHERE c0_.ID = 3
SELECT c0_.ID AS ID_0, c0_.NOMBRE AS NOMBRE_1, c0_.ESTADO AS ESTADO_2 FROM CONSULTORIOS c0_ WHERE c0_.ESTADO = '1' ORDER BY c0_.ID ASC
SELECT c0_.ID AS ID_0, c0_.NOMBRE AS NOMBRE_1, c0_.ESTADO AS ESTADO_2 FROM CONSULTORIOS c0_ WHERE c0_.ESTADO = '1' ORDER BY c0_.ID ASC
SELECT c0_.ID AS ID_0, c0_.NOMBRE AS NOMBRE_1, c0_.ESTADO AS ESTADO_2 FROM CONSULTORIOS c0_ WHERE c0_.ESTADO = '1' ORDER BY c0_.ID ASC
SELECT c0_.ID AS ID_0, c0_.NOMBRE AS NOMBRE_1, c0_.ESTADO AS ESTADO_2 FROM CONSULTORIOS c0_ WHERE c0_.ESTADO = '1' ORDER BY c0_.ID ASC
SELECT e0_.ID AS ID_0, e0_.NOMBRE AS NOMBRE_1, e0_.ESTADO AS ESTADO_2 FROM ESPECIALIDADES e0_ WHERE e0_.ESTADO = '1' ORDER BY e0_.NOMBRE ASC
SELECT e0_.ID AS ID_0, e0_.NOMBRE AS NOMBRE_1, e0_.ESTADO AS ESTADO_2 FROM ESPECIALIDADES e0_ WHERE e0_.ESTADO = '1' ORDER BY e0_.NOMBRE ASC
SELECT e0_.ID AS ID_0, e0_.NOMBRE AS NOMBRE_1, e0_.ESTADO AS ESTADO_2 FROM ESPECIALIDADES e0_ WHERE e0_.ESTADO = '1' ORDER BY e0_.NOMBRE ASC
SELECT e0_.ID AS ID_0, e0_.NOMBRE AS NOMBRE_1, e0_.ESTADO AS ESTADO_2 FROM ESPECIALIDADES e0_ WHERE e0_.ESTADO = '1' ORDER BY e0_.NOMBRE ASC
INSERT INTO ESPECIALIDADES (ID, NOMBRE, ESTADO) VALUES('NULL', 'Hola', '1')
SELECT e0_.ID AS ID_0, e0_.NOMBRE AS NOMBRE_1, e0_.ESTADO AS ESTADO_2 FROM ESPECIALIDADES e0_ WHERE e0_.ESTADO = '1' ORDER BY e0_.NOMBRE ASC
SELECT e0_.ID AS ID_0, e0_.NOMBRE AS NOMBRE_1, e0_.ESTADO AS ESTADO_2 FROM ESPECIALIDADES e0_ WHERE e0_.ID = 4
SELECT e0_.ID AS ID_0, e0_.NOMBRE AS NOMBRE_1, e0_.ESTADO AS ESTADO_2 FROM ESPECIALIDADES e0_ WHERE e0_.ESTADO = '1' ORDER BY e0_.NOMBRE ASC
SELECT e0_.ID AS ID_0, e0_.NOMBRE AS NOMBRE_1, e0_.ESTADO AS ESTADO_2 FROM ESPECIALIDADES e0_ WHERE e0_.ID = 4
UPDATE ESPECIALIDADES SET NOMBRE = 'Zyos' WHERE ID = '4'
SELECT e0_.ID AS ID_0, e0_.NOMBRE AS NOMBRE_1, e0_.ESTADO AS ESTADO_2 FROM ESPECIALIDADES e0_ WHERE e0_.ESTADO = '1' ORDER BY e0_.NOMBRE ASC
SELECT e0_.ID AS ID_0, e0_.NOMBRE AS NOMBRE_1, e0_.ESTADO AS ESTADO_2 FROM ESPECIALIDADES e0_ WHERE e0_.ID = 1
SELECT e0_.ID AS ID_0, e0_.NOMBRE AS NOMBRE_1, e0_.ESTADO AS ESTADO_2 FROM ESPECIALIDADES e0_ WHERE e0_.ESTADO = '1' ORDER BY e0_.NOMBRE ASC
SELECT e0_.ID AS ID_0, e0_.NOMBRE AS NOMBRE_1, e0_.ESTADO AS ESTADO_2 FROM ESPECIALIDADES e0_ WHERE e0_.ID = 4
SELECT e0_.ID AS ID_0, e0_.NOMBRE AS NOMBRE_1, e0_.ESTADO AS ESTADO_2 FROM ESPECIALIDADES e0_ WHERE e0_.ESTADO = '1' ORDER BY e0_.NOMBRE ASC
